<?xml version="1.0" encoding="UTF-8"?>
<testsuites name="VisualTesting_Demo - Copy" time="56.25" tests="1" failures="0" errors="0">
   <testsuite name="VisualTesting_Demo - Copy" tests="1" failures="0" errors="0" time="56.25" skipped="0" timestamp="12-02-2024T22:26:26" hostname="jpsmac - localhost" id="Test Suites/VisualTesting_Demo - Copy">
      <properties>
         <property name="deviceName" value=""/>
         <property name="devicePlatform" value=""/>
         <property name="logFolder" value="/Users/jpsmac/git/VisualTesting/Reports/20240212_222624/VisualTesting_Demo - Copy/20240212_222625"/>
         <property name="logFiles" value="/Users/jpsmac/git/VisualTesting/Reports/20240212_222624/VisualTesting_Demo - Copy/20240212_222625/execution0.log"/>
         <property name="attachments" value="keyes/keyes-confirm_appointment.png"/>
         <property name="hostName" value="jpsmac - localhost"/>
         <property name="os" value="Mac OS X 64bit"/>
         <property name="katalonVersion" value="9.3.0.212"/>
         <property name="browser" value="Chrome 121.0.0.0"/>
         <property name="hostAddress" value="127.0.0.1"/>
         <property name="sessionId" value="54135f4c6cf65a6de832325331a94ec7"/>
         <property name="seleniumVersion" value="3.141.59"/>
         <property name="proxyInformation" value="ProxyInformation { proxyOption=NO_PROXY, proxyServerType=HTTP, username=, password=********, proxyServerAddress=, proxyServerPort=0, executionList=&quot;&quot;, isApplyToDesiredCapabilities=true }"/>
         <property name="platform" value="Mac OS X"/>
      </properties>
      <testcase name="Test Cases/CreateAppointment" time="56.182" classname="Test Cases/CreateAppointment" status="PASSED">
         <system-out><![CDATA[12-02-2024T22:26:27 - [TEST_CASE][PASSED] - Test Cases/CreateAppointment: Test Cases/CreateAppointment

12-02-2024T22:26:27 - [TEST_STEP][PASSED] - openBrowser(""): Browser is opened with url: ''

12-02-2024T22:26:27 - [MESSAGE][INFO] - Starting 'Chrome' driver

12-02-2024T22:26:27 - [MESSAGE][INFO] - Action delay is set to 0 milliseconds

12-02-2024T22:26:28 - [MESSAGE][PASSED] - Browser is opened with url: ''

12-02-2024T22:26:28 - [TEST_STEP][PASSED] - navigateToUrl("https://katalon-demo-cura.herokuapp.com/"): Navigate to 'https://katalon-demo-cura.herokuapp.com/' successfully

12-02-2024T22:27:01 - [MESSAGE][PASSED] - Navigate to 'https://katalon-demo-cura.herokuapp.com/' successfully

12-02-2024T22:27:01 - [TEST_STEP][PASSED] - click(findTestObject("Object Repository/Page_CURA Healthcare Service/a_Make Appointment")): Object: 'Object Repository/Page_CURA Healthcare Service/a_Make Appointment' is clicked on

12-02-2024T22:27:15 - [MESSAGE][PASSED] - Object: 'Object Repository/Page_CURA Healthcare Service/a_Make Appointment' is clicked on

12-02-2024T22:27:15 - [TEST_STEP][PASSED] - setText(findTestObject("Object Repository/Page_CURA Healthcare Service/input_Username_username"), "John Doe"): Text 'John Doe' is set on object 'Object Repository/Page_CURA Healthcare Service/input_Username_username'

12-02-2024T22:27:16 - [MESSAGE][PASSED] - Text 'John Doe' is set on object 'Object Repository/Page_CURA Healthcare Service/input_Username_username'

12-02-2024T22:27:16 - [TEST_STEP][PASSED] - setEncryptedText(findTestObject("Object Repository/Page_CURA Healthcare Service/input_Password_password"), "g3/DOGG74jC3Flrr3yH+3D/yKbOqqUNM"): Text ****** has been set on object 'Object Repository/Page_CURA Healthcare Service/input_Password_password'

12-02-2024T22:27:16 - [MESSAGE][PASSED] - Text ****** has been set on object 'Object Repository/Page_CURA Healthcare Service/input_Password_password'

12-02-2024T22:27:16 - [TEST_STEP][PASSED] - click(findTestObject("Object Repository/Page_CURA Healthcare Service/button_Login")): Object: 'Object Repository/Page_CURA Healthcare Service/button_Login' is clicked on

12-02-2024T22:27:18 - [MESSAGE][PASSED] - Object: 'Object Repository/Page_CURA Healthcare Service/button_Login' is clicked on

12-02-2024T22:27:18 - [TEST_STEP][PASSED] - selectOptionByValue(findTestObject("Object Repository/Page_CURA Healthcare Service/select_Tokyo CURA Healthcare Center        _5b4107"), "Hongkong CURA Healthcare Center", true): All options with value 'Hongkong CURA Healthcare Center' are selected in object 'Object Repository/Page_CURA Healthcare Service/select_Tokyo CURA Healthcare Center        _5b4107'  using regular expression

12-02-2024T22:27:19 - [MESSAGE][PASSED] - All options with value 'Hongkong CURA Healthcare Center' are selected in object 'Object Repository/Page_CURA Healthcare Service/select_Tokyo CURA Healthcare Center        _5b4107'  using regular expression

12-02-2024T22:27:19 - [TEST_STEP][PASSED] - click(findTestObject("Object Repository/Page_CURA Healthcare Service/input_Medicaid_programs")): Object: 'Object Repository/Page_CURA Healthcare Service/input_Medicaid_programs' is clicked on

12-02-2024T22:27:19 - [MESSAGE][PASSED] - Object: 'Object Repository/Page_CURA Healthcare Service/input_Medicaid_programs' is clicked on

12-02-2024T22:27:19 - [TEST_STEP][PASSED] - click(findTestObject("Object Repository/Page_CURA Healthcare Service/input_Visit Date (Required)_visit_date")): Object: 'Object Repository/Page_CURA Healthcare Service/input_Visit Date (Required)_visit_date' is clicked on

12-02-2024T22:27:20 - [MESSAGE][PASSED] - Object: 'Object Repository/Page_CURA Healthcare Service/input_Visit Date (Required)_visit_date' is clicked on

12-02-2024T22:27:20 - [TEST_STEP][PASSED] - click(findTestObject("Object Repository/Page_CURA Healthcare Service/td_29")): Object: 'Object Repository/Page_CURA Healthcare Service/td_29' is clicked on

12-02-2024T22:27:20 - [MESSAGE][PASSED] - Object: 'Object Repository/Page_CURA Healthcare Service/td_29' is clicked on

12-02-2024T22:27:20 - [TEST_STEP][PASSED] - click(findTestObject("Object Repository/Page_CURA Healthcare Service/button_Book Appointment")): Object: 'Object Repository/Page_CURA Healthcare Service/button_Book Appointment' is clicked on

12-02-2024T22:27:22 - [MESSAGE][PASSED] - Object: 'Object Repository/Page_CURA Healthcare Service/button_Book Appointment' is clicked on

12-02-2024T22:27:22 - [TEST_STEP][PASSED] - takeScreenshotAsCheckpoint("confirm_appointment"): Taking screenshot successfully

12-02-2024T22:27:23 - [MESSAGE][INFO] - 0 hidden object(s)

12-02-2024T22:27:23 - [MESSAGE][PASSED] - Taking screenshot successfully
[[ATTACHMENT|keyes/keyes-confirm_appointment.png]]

12-02-2024T22:27:23 - [TEST_STEP][PASSED] - closeBrowser(): Browser is closed

12-02-2024T22:27:23 - [MESSAGE][PASSED] - Browser is closed]]></system-out>
         <system-err><![CDATA[]]></system-err>
      </testcase>
      <system-out><![CDATA[12-02-2024T22:26:26 - [TEST_SUITE][PASSED] - VisualTesting_Demo - Copy: Test Cases/CreateAppointment]]></system-out>
      <system-err><![CDATA[]]></system-err>
   </testsuite>
</testsuites>
